\BOOKMARK [0][-]{dummy.1}{\376\377\000A\000b\000s\000t\000r\000a\000c\000t}{}% 1
\BOOKMARK [0][-]{dummy.2}{\376\377\000A\000c\000k\000n\000o\000w\000l\000e\000d\000g\000e\000m\000e\000n\000t\000s}{}% 2
\BOOKMARK [0][-]{chapter.3}{\376\377\0001\000\040\000I\000n\000t\000r\000o\000d\000u\000c\000t\000i\000o\000n}{}% 3
\BOOKMARK [1][-]{section.4}{\376\377\0001\000.\0001\000\040\000W\000i\000r\000e\000l\000e\000s\000s\000\040\000S\000e\000n\000s\000o\000r\000\040\000N\000e\000t\000w\000o\000r\000k\000s}{chapter.3}% 4
\BOOKMARK [2][-]{subsection.5}{\376\377\0001\000.\0001\000.\0001\000\040\000D\000i\000f\000f\000i\000c\000u\000l\000t\000i\000e\000s\000\040\000o\000f\000\040\000N\000e\000t\000w\000o\000r\000k\000\040\000R\000e\000c\000o\000n\000f\000i\000g\000u\000r\000a\000t\000i\000o\000n}{section.4}% 5
\BOOKMARK [1][-]{section.6}{\376\377\0001\000.\0002\000\040\000S\000t\000a\000t\000e\000m\000e\000n\000t\000\040\000o\000f\000\040\000t\000h\000e\000\040\000P\000r\000o\000b\000l\000e\000m}{chapter.3}% 6
\BOOKMARK [1][-]{section.7}{\376\377\0001\000.\0003\000\040\000S\000u\000m\000m\000a\000r\000y\000\040\000o\000f\000\040\000C\000o\000n\000t\000e\000n\000t\000s}{chapter.3}% 7
\BOOKMARK [0][-]{chapter.8}{\376\377\0002\000\040\000L\000i\000t\000e\000r\000a\000t\000u\000r\000e\000\040\000R\000e\000v\000i\000e\000w}{}% 8
\BOOKMARK [1][-]{section.9}{\376\377\0002\000.\0001\000\040\000I\000n\000t\000r\000o\000d\000u\000c\000t\000i\000o\000n}{chapter.8}% 9
\BOOKMARK [1][-]{section.10}{\376\377\0002\000.\0002\000\040\000W\000S\000N\000\040\000E\000x\000e\000c\000u\000t\000i\000o\000n}{chapter.8}% 10
\BOOKMARK [1][-]{section.11}{\376\377\0002\000.\0003\000\040\000R\000e\000l\000a\000t\000i\000o\000n\000a\000l\000\040\000D\000a\000t\000a\000b\000a\000s\000e\000s\000\040\000f\000o\000r\000\040\000W\000S\000N\000\040\000A\000p\000p\000l\000i\000c\000a\000t\000i\000o\000n\000s}{chapter.8}% 11
\BOOKMARK [0][-]{chapter.12}{\376\377\0003\000\040\000W\000i\000S\000A\000R\000D\000N\000e\000t\000\040\000C\000y\000b\000e\000r\000i\000n\000f\000r\000a\000s\000t\000r\000u\000c\000t\000u\000r\000e}{}% 12
\BOOKMARK [1][-]{section.13}{\376\377\0003\000.\0001\000\040\000O\000v\000e\000r\000v\000i\000e\000w}{chapter.12}% 13
\BOOKMARK [1][-]{section.15}{\376\377\0003\000.\0002\000\040\000W\000i\000S\000A\000R\000D\000\040\000D\000e\000v\000i\000c\000e\000s}{chapter.12}% 14
\BOOKMARK [1][-]{section.16}{\376\377\0003\000.\0003\000\040\000M\000i\000d\000d\000l\000e\000w\000a\000r\000e}{chapter.12}% 15
\BOOKMARK [1][-]{section.17}{\376\377\0003\000.\0004\000\040\000R\000e\000a\000l\000-\000t\000i\000m\000e\000\040\000D\000a\000t\000a\000\040\000C\000e\000n\000t\000e\000r}{chapter.12}% 16
\BOOKMARK [2][-]{subsection.18}{\376\377\0003\000.\0004\000.\0001\000\040\000R\000e\000l\000a\000t\000i\000o\000n\000a\000l\000\040\000D\000a\000t\000a\000b\000a\000s\000e}{section.17}% 17
\BOOKMARK [2][-]{subsection.19}{\376\377\0003\000.\0004\000.\0002\000\040\000D\000a\000t\000a\000\040\000S\000c\000h\000e\000m\000a}{section.17}% 18
\BOOKMARK [1][-]{section.29}{\376\377\0003\000.\0005\000\040\000S\000u\000m\000m\000a\000r\000y}{chapter.12}% 19
\BOOKMARK [0][-]{chapter.30}{\376\377\0004\000\040\000N\000e\000t\000w\000o\000r\000k\000\040\000R\000e\000c\000o\000n\000f\000i\000g\000u\000r\000a\000t\000i\000o\000n\000\040\000S\000o\000f\000t\000w\000a\000r\000e}{}% 20
\BOOKMARK [1][-]{section.31}{\376\377\0004\000.\0001\000\040\000O\000v\000e\000r\000v\000i\000e\000w}{chapter.30}% 21
\BOOKMARK [1][-]{section.32}{\376\377\0004\000.\0002\000\040\000N\000e\000t\000w\000o\000r\000k\000\040\000R\000e\000c\000o\000n\000f\000i\000g\000u\000r\000a\000t\000i\000o\000n\000\040\000S\000t\000a\000g\000e\000s}{chapter.30}% 22
\BOOKMARK [2][-]{subsection.33}{\376\377\0004\000.\0002\000.\0001\000\040\000I\000d\000e\000n\000t\000i\000f\000i\000c\000a\000t\000i\000o\000n\000\040\000o\000f\000\040\000W\000S\000N\000\040\000N\000o\000d\000e\000s}{section.32}% 23
\BOOKMARK [2][-]{subsection.34}{\376\377\0004\000.\0002\000.\0002\000\040\000D\000e\000s\000c\000r\000i\000b\000i\000n\000g\000\040\000t\000h\000e\000\040\000N\000e\000w\000\040\000C\000o\000n\000f\000i\000g\000u\000r\000a\000t\000i\000o\000n}{section.32}% 24
\BOOKMARK [2][-]{subsection.35}{\376\377\0004\000.\0002\000.\0003\000\040\000V\000a\000l\000i\000d\000a\000t\000i\000n\000g\000\040\000t\000h\000e\000\040\000N\000e\000w\000\040\000C\000o\000n\000f\000i\000g\000u\000r\000a\000t\000i\000o\000n}{section.32}% 25
\BOOKMARK [2][-]{subsection.36}{\376\377\0004\000.\0002\000.\0004\000\040\000S\000i\000g\000n\000a\000l\000i\000n\000g\000\040\000t\000h\000e\000\040\000W\000S\000N}{section.32}% 26
\BOOKMARK [2][-]{subsection.37}{\376\377\0004\000.\0002\000.\0005\000\040\000E\000x\000e\000c\000u\000t\000i\000n\000g\000\040\000t\000h\000e\000\040\000R\000e\000c\000o\000n\000f\000i\000g\000u\000r\000a\000t\000i\000o\000n}{section.32}% 27
\BOOKMARK [2][-]{subsection.38}{\376\377\0004\000.\0002\000.\0006\000\040\000V\000e\000r\000i\000f\000y\000i\000n\000g\000\040\000t\000h\000e\000\040\000N\000e\000w\000\040\000C\000o\000n\000f\000i\000g\000u\000r\000a\000t\000i\000o\000n}{section.32}% 28
\BOOKMARK [1][-]{section.39}{\376\377\0004\000.\0003\000\040\000S\000o\000f\000t\000w\000a\000r\000e\000\040\000S\000y\000s\000t\000e\000m}{chapter.30}% 29
\BOOKMARK [2][-]{subsection.40}{\376\377\0004\000.\0003\000.\0001\000\040\000U\000s\000e\000r\000\040\000A\000c\000c\000e\000s\000s\000\040\000C\000o\000n\000t\000r\000o\000l}{section.39}% 30
\BOOKMARK [2][-]{subsection.41}{\376\377\0004\000.\0003\000.\0002\000\040\000A\000d\000m\000i\000n\000\040\000C\000o\000n\000t\000r\000o\000l}{section.39}% 31
\BOOKMARK [1][-]{section.42}{\376\377\0004\000.\0004\000\040\000S\000o\000f\000t\000w\000a\000r\000e\000\040\000M\000o\000d\000u\000l\000e\000s}{chapter.30}% 32
\BOOKMARK [2][-]{subsection.44}{\376\377\0004\000.\0004\000.\0001\000\040\000U\000s\000e\000r\000\040\000I\000n\000t\000e\000r\000f\000a\000c\000e}{section.42}% 33
\BOOKMARK [2][-]{subsection.46}{\376\377\0004\000.\0004\000.\0002\000\040\000D\000a\000t\000a\000b\000a\000s\000e\000\040\000m\000o\000d\000u\000l\000e}{section.42}% 34
\BOOKMARK [3][-]{subsubsection.47}{\376\377\0004\000.\0004\000.\0002\000.\0001\000\040\000U\000s\000e\000r\000\040\000A\000c\000c\000e\000s\000s\000\040\000C\000o\000n\000t\000r\000o\000l}{subsection.46}% 35
\BOOKMARK [3][-]{subsubsection.49}{\376\377\0004\000.\0004\000.\0002\000.\0002\000\040\000W\000i\000S\000A\000R\000D\000\040\000D\000a\000t\000a\000\040\000O\000b\000j\000e\000c\000t\000s}{subsection.46}% 36
\BOOKMARK [2][-]{subsection.51}{\376\377\0004\000.\0004\000.\0003\000\040\000C\000o\000m\000m\000a\000n\000d\000\040\000g\000e\000n\000e\000r\000a\000t\000i\000o\000n\000\040\000M\000o\000d\000u\000l\000e}{section.42}% 37
\BOOKMARK [2][-]{subsection.52}{\376\377\0004\000.\0004\000.\0004\000\040\000V\000a\000l\000i\000d\000a\000t\000i\000o\000n\000\040\000M\000o\000d\000u\000l\000e}{section.42}% 38
\BOOKMARK [2][-]{subsection.53}{\376\377\0004\000.\0004\000.\0005\000\040\000N\000e\000t\000w\000o\000r\000k\000\040\000C\000o\000n\000f\000i\000g\000u\000r\000a\000t\000i\000o\000n\000\040\000M\000o\000d\000u\000l\000e}{section.42}% 39
\BOOKMARK [1][-]{section.54}{\376\377\0004\000.\0005\000\040\000S\000u\000m\000m\000a\000r\000y}{chapter.30}% 40
\BOOKMARK [0][-]{dummy.55}{\376\377\000B\000i\000b\000l\000i\000o\000g\000r\000a\000p\000h\000y}{}% 41
\BOOKMARK [0][-]{appendix*.56}{\376\377\000A\000p\000p\000e\000n\000d\000i\000x}{}% 42
